Loaded module: python3/3.8.2
WARNING:absl:No GPU/TPU found, falling back to CPU. (Set TF_CPP_MIN_LOG_LEVEL=0 and rerun for more info.)
Traceback (most recent call last):
  File "simple_data.py", line 415, in <module>
    main_ahs()
  File "simple_data.py", line 377, in main_ahs
    _ = sde_dif.landmark_template_qT(vT,
  File "../../src/diffusion_bridges.py", line 1189, in landmark_template_qT
    q0, Xt = update_q0_X(q0, p0, Xt, Wt)
  File "../../src/diffusion_bridges.py", line 1019, in update_q0_X
    KL_q0circ = Kq0_circ.dot(grad_qL(q0_circ, Wt).reshape(n,d)).reshape(-1)
  File "/zhome/77/8/118225/.local/lib/python3.8/site-packages/jax/_src/traceback_util.py", line 162, in reraise_with_filtered_traceback
    return fun(*args, **kwargs)
  File "/zhome/77/8/118225/.local/lib/python3.8/site-packages/jax/_src/api.py", line 918, in grad_f
    _, g = value_and_grad_f(*args, **kwargs)
  File "/zhome/77/8/118225/.local/lib/python3.8/site-packages/jax/_src/traceback_util.py", line 162, in reraise_with_filtered_traceback
    return fun(*args, **kwargs)
  File "/zhome/77/8/118225/.local/lib/python3.8/site-packages/jax/_src/api.py", line 993, in value_and_grad_f
    ans, vjp_py = _vjp(f_partial, *dyn_args, reduce_axes=reduce_axes)
  File "/zhome/77/8/118225/.local/lib/python3.8/site-packages/jax/_src/api.py", line 2312, in _vjp
    out_primal, out_vjp = ad.vjp(
  File "/zhome/77/8/118225/.local/lib/python3.8/site-packages/jax/interpreters/ad.py", line 116, in vjp
    out_primals, pvals, jaxpr, consts = linearize(traceable, *primals)
  File "/zhome/77/8/118225/.local/lib/python3.8/site-packages/jax/interpreters/ad.py", line 103, in linearize
    jaxpr, out_pvals, consts = pe.trace_to_jaxpr(jvpfun_flat, in_pvals)
  File "/zhome/77/8/118225/.local/lib/python3.8/site-packages/jax/interpreters/partial_eval.py", line 513, in trace_to_jaxpr
    jaxpr, (out_pvals, consts, env) = fun.call_wrapped(pvals)
  File "/zhome/77/8/118225/.local/lib/python3.8/site-packages/jax/linear_util.py", line 166, in call_wrapped
    ans = self.f(*args, **dict(self.params, **kwargs))
  File "../../src/diffusion_bridges.py", line 946, in compute_qLtheta
    Xt = vmap(lambda F,H,w: sim_gp(x0, b_fun_theta, sigma_fun_theta, F, H, w))(Ft,Ht,Wt)
  File "/zhome/77/8/118225/.local/lib/python3.8/site-packages/jax/_src/traceback_util.py", line 162, in reraise_with_filtered_traceback
    return fun(*args, **kwargs)
  File "/zhome/77/8/118225/.local/lib/python3.8/site-packages/jax/_src/api.py", line 1452, in batched_fun
    out_flat = batching.batch(
  File "/zhome/77/8/118225/.local/lib/python3.8/site-packages/jax/linear_util.py", line 166, in call_wrapped
    ans = self.f(*args, **dict(self.params, **kwargs))
  File "../../src/diffusion_bridges.py", line 946, in <lambda>
    Xt = vmap(lambda F,H,w: sim_gp(x0, b_fun_theta, sigma_fun_theta, F, H, w))(Ft,Ht,Wt)
  File "../../src/diffusion_bridges.py", line 802, in sim_gp
    _, x = lax.scan(update_xi, init=x0, xs=(time_grid[:-1], diff_grid, dW, 
  File "/zhome/77/8/118225/.local/lib/python3.8/site-packages/jax/_src/traceback_util.py", line 162, in reraise_with_filtered_traceback
    return fun(*args, **kwargs)
  File "/zhome/77/8/118225/.local/lib/python3.8/site-packages/jax/_src/lax/control_flow.py", line 1357, in scan
    out = scan_p.bind(*consts, *in_flat,
  File "/zhome/77/8/118225/.local/lib/python3.8/site-packages/jax/_src/lax/control_flow.py", line 1933, in scan_bind
    return core.AxisPrimitive.bind(scan_p, *args, **params)
  File "/zhome/77/8/118225/.local/lib/python3.8/site-packages/jax/core.py", line 272, in bind
    out = top_trace.process_primitive(self, tracers, params)
  File "/zhome/77/8/118225/.local/lib/python3.8/site-packages/jax/interpreters/batching.py", line 163, in process_primitive
    val_out, dim_out = batched_primitive(vals_in, dims_in, **params)
  File "/zhome/77/8/118225/.local/lib/python3.8/site-packages/jax/_src/lax/control_flow.py", line 1846, in _scan_batching_rule
    outs = scan_p.bind(
  File "/zhome/77/8/118225/.local/lib/python3.8/site-packages/jax/_src/lax/control_flow.py", line 1933, in scan_bind
    return core.AxisPrimitive.bind(scan_p, *args, **params)
  File "/zhome/77/8/118225/.local/lib/python3.8/site-packages/jax/core.py", line 272, in bind
    out = top_trace.process_primitive(self, tracers, params)
  File "/zhome/77/8/118225/.local/lib/python3.8/site-packages/jax/interpreters/ad.py", line 288, in process_primitive
    primal_out, tangent_out = jvp(primals_in, tangents_in, **params)
  File "/zhome/77/8/118225/.local/lib/python3.8/site-packages/jax/_src/lax/control_flow.py", line 1599, in _scan_jvp
    out_flat = scan_p.bind(
  File "/zhome/77/8/118225/.local/lib/python3.8/site-packages/jax/_src/lax/control_flow.py", line 1933, in scan_bind
    return core.AxisPrimitive.bind(scan_p, *args, **params)
  File "/zhome/77/8/118225/.local/lib/python3.8/site-packages/jax/core.py", line 272, in bind
    out = top_trace.process_primitive(self, tracers, params)
  File "/zhome/77/8/118225/.local/lib/python3.8/site-packages/jax/interpreters/partial_eval.py", line 149, in process_primitive
    return custom_partial_eval_rules[primitive](self, *tracers, **params)
  File "/zhome/77/8/118225/.local/lib/python3.8/site-packages/jax/_src/lax/control_flow.py", line 1683, in _scan_partial_eval
    out_flat = scan_p.bind(
  File "/zhome/77/8/118225/.local/lib/python3.8/site-packages/jax/_src/lax/control_flow.py", line 1933, in scan_bind
    return core.AxisPrimitive.bind(scan_p, *args, **params)
  File "/zhome/77/8/118225/.local/lib/python3.8/site-packages/jax/core.py", line 272, in bind
    out = top_trace.process_primitive(self, tracers, params)
  File "/zhome/77/8/118225/.local/lib/python3.8/site-packages/jax/core.py", line 624, in process_primitive
    return primitive.impl(*tracers, **params)
  File "/zhome/77/8/118225/.local/lib/python3.8/site-packages/jax/interpreters/xla.py", line 416, in apply_primitive
    compiled_fun = xla_primitive_callable(prim, *unsafe_map(arg_spec, args),
  File "/zhome/77/8/118225/.local/lib/python3.8/site-packages/jax/_src/util.py", line 187, in wrapper
    return cached(config._trace_context(), *args, **kwargs)
  File "/zhome/77/8/118225/.local/lib/python3.8/site-packages/jax/_src/util.py", line 180, in cached
    return f(*args, **kwargs)
  File "/zhome/77/8/118225/.local/lib/python3.8/site-packages/jax/interpreters/xla.py", line 439, in xla_primitive_callable
    compiled = _xla_callable_uncached(lu.wrap_init(prim_fun), device, None,
  File "/zhome/77/8/118225/.local/lib/python3.8/site-packages/jax/interpreters/xla.py", line 759, in _xla_callable_uncached
    return lower_xla_callable(fun, device, backend, name, donated_invars,
  File "/zhome/77/8/118225/.local/lib/python3.8/site-packages/jax/interpreters/xla.py", line 892, in compile
    self._executable = XlaCompiledComputation.from_xla_computation(
  File "/zhome/77/8/118225/.local/lib/python3.8/site-packages/jax/interpreters/xla.py", line 921, in from_xla_computation
    compiled = compile_or_get_cached(backend, xla_computation, options)
  File "/zhome/77/8/118225/.local/lib/python3.8/site-packages/jax/interpreters/xla.py", line 863, in compile_or_get_cached
    return backend_compile(backend, computation, compile_options)
  File "/zhome/77/8/118225/.local/lib/python3.8/site-packages/jax/interpreters/xla.py", line 474, in backend_compile
    return backend.compile(built_c, compile_options=options)
KeyboardInterrupt
