Loaded module: python3/3.8.2
WARNING:absl:No GPU/TPU found, falling back to CPU. (Set TF_CPP_MIN_LOG_LEVEL=0 and rerun for more info.)
Traceback (most recent call last):
  File "ellipse.py", line 419, in <module>
    main_ahs()
  File "ellipse.py", line 381, in main_ahs
    _ = sde_dif.landmark_template_qT(vT,
  File "../../src/diffusion_bridges.py", line 1217, in landmark_template_qT
    Wt, Xt = update_W_X(x0, Xt, Wt)
  File "../../src/diffusion_bridges.py", line 914, in update_W_X
    logpsi_Xtcirc = vmap(lambda beta, B, F, H, a, x: \
  File "/zhome/77/8/118225/.local/lib/python3.8/site-packages/jax/_src/traceback_util.py", line 162, in reraise_with_filtered_traceback
    return fun(*args, **kwargs)
  File "/zhome/77/8/118225/.local/lib/python3.8/site-packages/jax/_src/api.py", line 1452, in batched_fun
    out_flat = batching.batch(
  File "/zhome/77/8/118225/.local/lib/python3.8/site-packages/jax/linear_util.py", line 166, in call_wrapped
    ans = self.f(*args, **dict(self.params, **kwargs))
  File "../../src/diffusion_bridges.py", line 915, in <lambda>
    logpsi(b_fun_theta, sigma_fun_theta, beta, 
  File "../../src/diffusion_bridges.py", line 809, in logpsi
    b_mat = vmap(b_fun)(time_grid, Xt)
  File "/zhome/77/8/118225/.local/lib/python3.8/site-packages/jax/_src/traceback_util.py", line 162, in reraise_with_filtered_traceback
    return fun(*args, **kwargs)
  File "/zhome/77/8/118225/.local/lib/python3.8/site-packages/jax/_src/api.py", line 1452, in batched_fun
    out_flat = batching.batch(
  File "/zhome/77/8/118225/.local/lib/python3.8/site-packages/jax/linear_util.py", line 166, in call_wrapped
    ans = self.f(*args, **dict(self.params, **kwargs))
  File "../../src/diffusion_bridges.py", line 841, in <lambda>
    b_fun_theta = lambda t,x: b_fun(t,x,theta)
  File "ellipse.py", line 378, in <lambda>
    b_funsimple = lambda t,x,theta : b_fun(t,x,theta)
  File "../../src/landmark_models2.py", line 222, in ahs_drift
    1/2*vmap(lambda x,y: dpi_extra(x,y,theta))(q, p)).reshape(-1)
  File "/zhome/77/8/118225/.local/lib/python3.8/site-packages/jax/_src/traceback_util.py", line 162, in reraise_with_filtered_traceback
    return fun(*args, **kwargs)
  File "/zhome/77/8/118225/.local/lib/python3.8/site-packages/jax/_src/api.py", line 1452, in batched_fun
    out_flat = batching.batch(
  File "/zhome/77/8/118225/.local/lib/python3.8/site-packages/jax/linear_util.py", line 166, in call_wrapped
    ans = self.f(*args, **dict(self.params, **kwargs))
  File "../../src/landmark_models2.py", line 222, in <lambda>
    1/2*vmap(lambda x,y: dpi_extra(x,y,theta))(q, p)).reshape(-1)
  File "../../src/landmark_models2.py", line 194, in dpi_extra
    z_val = vmap(lambda delta_l: z(qi, delta_l, theta))(delta)
  File "/zhome/77/8/118225/.local/lib/python3.8/site-packages/jax/_src/traceback_util.py", line 162, in reraise_with_filtered_traceback
    return fun(*args, **kwargs)
  File "/zhome/77/8/118225/.local/lib/python3.8/site-packages/jax/_src/api.py", line 1452, in batched_fun
    out_flat = batching.batch(
  File "/zhome/77/8/118225/.local/lib/python3.8/site-packages/jax/linear_util.py", line 166, in call_wrapped
    ans = self.f(*args, **dict(self.params, **kwargs))
  File "../../src/landmark_models2.py", line 194, in <lambda>
    z_val = vmap(lambda delta_l: z(qi, delta_l, theta))(delta)
  File "../../src/landmark_models2.py", line 172, in z
    return jnp.dot(grad_k_tau(qi,delta_l,theta),gamma).reshape(())
  File "ellipse.py", line 110, in grad_k_tau
    return -(theta**(-2))*k_tau(x,y,theta)*(x-y)
  File "ellipse.py", line 103, in k_tau
    return jnp.exp(-jnp.dot(x-y,x-y)/(2*(theta**2)))
  File "/zhome/77/8/118225/.local/lib/python3.8/site-packages/jax/_src/traceback_util.py", line 162, in reraise_with_filtered_traceback
    return fun(*args, **kwargs)
  File "/zhome/77/8/118225/.local/lib/python3.8/site-packages/jax/_src/api.py", line 416, in cache_miss
    out_flat = xla.xla_call(
  File "/zhome/77/8/118225/.local/lib/python3.8/site-packages/jax/core.py", line 1632, in bind
    return call_bind(self, fun, *args, **params)
  File "/zhome/77/8/118225/.local/lib/python3.8/site-packages/jax/core.py", line 1623, in call_bind
    outs = primitive.process(top_trace, fun, tracers, params)
  File "/zhome/77/8/118225/.local/lib/python3.8/site-packages/jax/core.py", line 1635, in process
    return trace.process_call(self, fun, tracers, params)
  File "/zhome/77/8/118225/.local/lib/python3.8/site-packages/jax/interpreters/batching.py", line 177, in process_call
    vals_out = call_primitive.bind(f, *vals, **params)
  File "/zhome/77/8/118225/.local/lib/python3.8/site-packages/jax/core.py", line 1632, in bind
    return call_bind(self, fun, *args, **params)
  File "/zhome/77/8/118225/.local/lib/python3.8/site-packages/jax/core.py", line 1623, in call_bind
    outs = primitive.process(top_trace, fun, tracers, params)
  File "/zhome/77/8/118225/.local/lib/python3.8/site-packages/jax/core.py", line 1635, in process
    return trace.process_call(self, fun, tracers, params)
  File "/zhome/77/8/118225/.local/lib/python3.8/site-packages/jax/interpreters/batching.py", line 172, in process_call
    vals, dims = unzip2((t.val, t.batch_dim) for t in tracers)
  File "/zhome/77/8/118225/.local/lib/python3.8/site-packages/jax/_src/util.py", line 51, in unzip2
    return tuple(xs), tuple(ys)
KeyboardInterrupt
